2021-12-24 11:26:04.125  INFO 116521 --- [main] c.h.a.c.CustomScannersServiceApplication : Starting CustomScannersServiceApplication on Legion5 with PID 116521 (/home/bohdan/.vscode/extensions/hcltechnologies.hclappscancodesweep-1.2.0/lib/custom-scanners-service-1.0.12.jar started by bohdan in /home/bohdan/Projects/C++/rsa-cpp)
2021-12-24 11:26:04.128  INFO 116521 --- [main] c.h.a.c.CustomScannersServiceApplication : No active profile set, falling back to default profiles: default
2021-12-24 11:26:05.253  INFO 116521 --- [main] o.s.b.w.embedded.tomcat.TomcatWebServer  : Tomcat initialized with port(s): 9221 (http)
2021-12-24 11:26:05.264  INFO 116521 --- [main] o.apache.catalina.core.StandardService   : Starting service [Tomcat]
2021-12-24 11:26:05.265  INFO 116521 --- [main] org.apache.catalina.core.StandardEngine  : Starting Servlet engine: [Apache Tomcat/9.0.29]
2021-12-24 11:26:05.313  INFO 116521 --- [main] o.a.c.c.C.[Tomcat].[localhost].[/]       : Initializing Spring embedded WebApplicationContext
2021-12-24 11:26:05.313 DEBUG 116521 --- [main] o.s.web.context.ContextLoader            : Published root WebApplicationContext as ServletContext attribute with name [org.springframework.web.context.WebApplicationContext.ROOT]
2021-12-24 11:26:05.313  INFO 116521 --- [main] o.s.web.context.ContextLoader            : Root WebApplicationContext: initialization completed in 1148 ms
2021-12-24 11:26:05.454 DEBUG 116521 --- [main] o.s.b.w.s.ServletContextInitializerBeans : Mapping filters: filterRegistrationBean urls=[/*] order=-2147483647, characterEncodingFilter urls=[/*] order=-2147483648, formContentFilter urls=[/*] order=-9900, requestContextFilter urls=[/*] order=-105
2021-12-24 11:26:05.454 DEBUG 116521 --- [main] o.s.b.w.s.ServletContextInitializerBeans : Mapping servlets: dispatcherServlet urls=[/]
2021-12-24 11:26:05.905 DEBUG 116521 --- [main] s.w.s.m.m.a.RequestMappingHandlerMapping : 22 mappings in 'requestMappingHandlerMapping'
2021-12-24 11:26:05.937  INFO 116521 --- [main] o.s.b.a.e.web.EndpointLinksResolver      : Exposing 2 endpoint(s) beneath base path '/actuator'
2021-12-24 11:26:05.988  INFO 116521 --- [main] pertySourcedRequestMappingHandlerMapping : Mapped URL path [/v2/api-docs] onto method [springfox.documentation.swagger2.web.Swagger2Controller#getDocumentation(String, HttpServletRequest)]
2021-12-24 11:26:06.075  INFO 116521 --- [main] o.s.s.concurrent.ThreadPoolTaskExecutor  : Initializing ExecutorService 'applicationTaskExecutor'
2021-12-24 11:26:06.090 DEBUG 116521 --- [main] s.w.s.m.m.a.RequestMappingHandlerAdapter : ControllerAdvice beans: 0 @ModelAttribute, 0 @InitBinder, 1 RequestBodyAdvice, 1 ResponseBodyAdvice
2021-12-24 11:26:06.186 DEBUG 116521 --- [main] o.s.w.s.handler.SimpleUrlHandlerMapping  : Patterns [/webjars/**, /**] in 'resourceHandlerMapping'
2021-12-24 11:26:06.195 DEBUG 116521 --- [main] .m.m.a.ExceptionHandlerExceptionResolver : ControllerAdvice beans: 1 @ExceptionHandler, 1 ResponseBodyAdvice
2021-12-24 11:26:06.258  INFO 116521 --- [main] d.s.w.p.DocumentationPluginsBootstrapper : Context refreshed
2021-12-24 11:26:06.274  INFO 116521 --- [main] d.s.w.p.DocumentationPluginsBootstrapper : Found 1 custom documentation plugin(s)
2021-12-24 11:26:06.298  INFO 116521 --- [main] s.d.s.w.s.ApiListingReferenceScanner     : Scanning for api listing references
2021-12-24 11:26:06.465  INFO 116521 --- [main] o.s.b.w.embedded.tomcat.TomcatWebServer  : Tomcat started on port(s): 9221 (http) with context path ''
2021-12-24 11:26:06.468  INFO 116521 --- [main] c.h.a.c.CustomScannersServiceApplication : Started CustomScannersServiceApplication in 2.81 seconds (JVM running for 3.168)
2021-12-24 11:26:06.516  INFO 116521 --- [http-nio-9221-exec-1] o.a.c.c.C.[Tomcat].[localhost].[/]       : Initializing Spring DispatcherServlet 'dispatcherServlet'
2021-12-24 11:26:06.517  INFO 116521 --- [http-nio-9221-exec-1] o.s.web.servlet.DispatcherServlet        : Initializing Servlet 'dispatcherServlet'
2021-12-24 11:26:06.517 DEBUG 116521 --- [http-nio-9221-exec-1] o.s.web.servlet.DispatcherServlet        : Detected StandardServletMultipartResolver
2021-12-24 11:26:06.517 DEBUG 116521 --- [http-nio-9221-exec-1] o.s.web.servlet.DispatcherServlet        : Detected CookieLocaleResolver
2021-12-24 11:26:06.517 DEBUG 116521 --- [http-nio-9221-exec-1] o.s.web.servlet.DispatcherServlet        : Detected CookieThemeResolver
2021-12-24 11:26:06.521 DEBUG 116521 --- [http-nio-9221-exec-1] o.s.web.servlet.DispatcherServlet        : enableLoggingRequestDetails='false': request parameters and headers will be masked to prevent unsafe logging of potentially sensitive data
2021-12-24 11:26:06.521  INFO 116521 --- [http-nio-9221-exec-1] o.s.web.servlet.DispatcherServlet        : Completed initialization in 4 ms
2021-12-24 11:26:06.540 DEBUG 116521 --- [http-nio-9221-exec-1] o.s.web.servlet.DispatcherServlet        : POST "/v1/scanFile", parameters={masked}
2021-12-24 11:26:06.549 DEBUG 116521 --- [http-nio-9221-exec-1] s.w.s.m.m.a.RequestMappingHandlerMapping : Mapped to com.hcl.appscan.customscannersservice.controller.CustomScannersController#runScanFile(MultipartFile, String, int[])
2021-12-24 11:26:06.577 DEBUG 116521 --- [http-nio-9221-exec-1] o.s.w.s.m.m.a.HttpEntityMethodProcessor  : Using 'application/json', given [application/json] and supported [application/json]
2021-12-24 11:26:06.585 DEBUG 116521 --- [http-nio-9221-exec-1] o.s.w.s.m.m.a.HttpEntityMethodProcessor  : Writing [CustomScannerServiceResult{findings=[]}]
2021-12-24 11:26:06.604 DEBUG 116521 --- [http-nio-9221-exec-1] o.s.web.servlet.DispatcherServlet        : Completed 200 OK
2021-12-24 11:26:06.696  INFO 116521 --- [Thread-0] c.h.a.s.s.services.ArticleResource       : Completed reading English articles
